[15:13:19] [Client thread/INFO]: Setting user: Player277
[15:13:22] [Client thread/INFO]: LWJGL Version: 2.9.4
[15:13:24] [Client thread/INFO]: Reloading ResourceManager: Default, FMLFileResourcePack:Forge Mod Loader, FMLFileResourcePack:Minecraft Forge, FMLFileResourcePack:Example Mod
[15:13:26] [Sound Library Loader/INFO]: Starting up SoundSystem...
[15:13:26] [Thread-8/INFO]: Initializing LWJGL OpenAL
[15:13:26] [Thread-8/INFO]: (The LWJGL binding of OpenAL.  For more information, see http://www.lwjgl.org)
[15:13:26] [Thread-8/INFO]: OpenAL initialized.
[15:13:26] [Sound Library Loader/INFO]: Sound engine started
[15:13:28] [Client thread/INFO]: Created: 16x16 textures-atlas
[15:13:29] [Client thread/INFO]: Reloading ResourceManager: Default, FMLFileResourcePack:Forge Mod Loader, FMLFileResourcePack:Minecraft Forge, FMLFileResourcePack:Example Mod
[15:13:30] [Client thread/INFO]: SoundSystem shutting down...
[15:13:31] [Client thread/WARN]: Author: Paul Lamb, www.paulscode.com
[15:13:31] [Sound Library Loader/INFO]: Starting up SoundSystem...
[15:13:31] [Thread-10/INFO]: Initializing LWJGL OpenAL
[15:13:31] [Thread-10/INFO]: (The LWJGL binding of OpenAL.  For more information, see http://www.lwjgl.org)
[15:13:31] [Thread-10/INFO]: OpenAL initialized.
[15:13:31] [Sound Library Loader/INFO]: Sound engine started
[15:13:32] [Client thread/INFO]: Created: 1024x512 textures-atlas
[15:13:34] [Realms Notification Availability checker #1/INFO]: Could not authorize you against Realms server: Invalid session id
[15:13:36] [Client thread/INFO]: Stopping!
[15:13:36] [Client thread/INFO]: SoundSystem shutting down...
[15:13:36] [Client thread/WARN]: Author: Paul Lamb, www.paulscode.com
